/opt/homebrew/Caskroom/miniforge/base/envs/dnabert2/lib/python3.9/site-packages/transformers/utils/generic.py:441: FutureWarning: `torch.utils._pytree._register_pytree_node` is deprecated. Please use `torch.utils._pytree.register_pytree_node` instead.
  _torch_pytree._register_pytree_node(
/opt/homebrew/Caskroom/miniforge/base/envs/dnabert2/lib/python3.9/site-packages/huggingface_hub/file_download.py:949: FutureWarning: `resume_download` is deprecated and will be removed in version 1.0.0. Downloads always resume when possible. If you want to force a new download, use `force_download=True`.
  warnings.warn(
/opt/homebrew/Caskroom/miniforge/base/envs/dnabert2/lib/python3.9/site-packages/transformers/utils/generic.py:309: FutureWarning: `torch.utils._pytree._register_pytree_node` is deprecated. Please use `torch.utils._pytree.register_pytree_node` instead.
  _torch_pytree._register_pytree_node(
/Users/maxwellkim/.cache/huggingface/modules/transformers_modules/zhihan1996/DNABERT-2-117M/7bce263b15377fc15361f52cfab88f8b586abda0/bert_layers.py:126: UserWarning: Unable to import Triton; defaulting MosaicBERT attention implementation to pytorch (this will reduce throughput when using this model).
  warnings.warn(
Some weights of BertForSequenceClassification were not initialized from the model checkpoint at zhihan1996/DNABERT-2-117M and are newly initialized: ['bert.pooler.dense.bias', 'classifier.bias', 'bert.pooler.dense.weight', 'classifier.weight']
You should probably TRAIN this model on a down-stream task to be able to use it for predictions and inference.
Loading sequences...
Random seed: 1
Promoters: 500, Random: 500
Train: 800, Test: 200
Loading tokenizer...
Tokenizing...
Loading model...
Using device: mps

Fine-tuning...
Epoch 1, batch 10/100, loss: 0.6176
Epoch 1, batch 20/100, loss: 0.6645
Epoch 1, batch 30/100, loss: 0.6667
Epoch 1, batch 40/100, loss: 0.5932
Epoch 1, batch 50/100, loss: 0.3800
Epoch 1, batch 60/100, loss: 0.6570
Epoch 1, batch 70/100, loss: 0.6166
Epoch 1, batch 80/100, loss: 0.8832
Epoch 1, batch 90/100, loss: 0.6268
Epoch 1, batch 100/100, loss: 0.9427
Epoch 1 complete. Avg loss: 0.5550
Epoch 2, batch 10/100, loss: 0.3436
Epoch 2, batch 20/100, loss: 0.3313
Epoch 2, batch 30/100, loss: 0.2736
Epoch 2, batch 40/100, loss: 0.4227
Epoch 2, batch 50/100, loss: 0.6342
Epoch 2, batch 60/100, loss: 0.6941
Epoch 2, batch 70/100, loss: 0.5091
Epoch 2, batch 80/100, loss: 0.4969
Epoch 2, batch 90/100, loss: 0.2744
Epoch 2, batch 100/100, loss: 0.3572
Epoch 2 complete. Avg loss: 0.4355
Epoch 3, batch 10/100, loss: 0.3034
Epoch 3, batch 20/100, loss: 0.2989
Epoch 3, batch 30/100, loss: 0.6126
Epoch 3, batch 40/100, loss: 0.2987
Epoch 3, batch 50/100, loss: 0.1409
Epoch 3, batch 60/100, loss: 0.2571
Epoch 3, batch 70/100, loss: 0.3978
Epoch 3, batch 80/100, loss: 0.2534
Epoch 3, batch 90/100, loss: 0.5985
Epoch 3, batch 100/100, loss: 0.3813
Epoch 3 complete. Avg loss: 0.3534

Evaluating...

AUC Score: 0.7967
FINAL_RESULT seed=1 auc=0.7967
0.5 = random chance, higher = model can distinguish promoters from random DNA
/opt/homebrew/Caskroom/miniforge/base/envs/dnabert2/lib/python3.9/site-packages/transformers/utils/generic.py:441: FutureWarning: `torch.utils._pytree._register_pytree_node` is deprecated. Please use `torch.utils._pytree.register_pytree_node` instead.
  _torch_pytree._register_pytree_node(
/opt/homebrew/Caskroom/miniforge/base/envs/dnabert2/lib/python3.9/site-packages/huggingface_hub/file_download.py:949: FutureWarning: `resume_download` is deprecated and will be removed in version 1.0.0. Downloads always resume when possible. If you want to force a new download, use `force_download=True`.
  warnings.warn(
/opt/homebrew/Caskroom/miniforge/base/envs/dnabert2/lib/python3.9/site-packages/transformers/utils/generic.py:309: FutureWarning: `torch.utils._pytree._register_pytree_node` is deprecated. Please use `torch.utils._pytree.register_pytree_node` instead.
  _torch_pytree._register_pytree_node(
/Users/maxwellkim/.cache/huggingface/modules/transformers_modules/zhihan1996/DNABERT-2-117M/7bce263b15377fc15361f52cfab88f8b586abda0/bert_layers.py:126: UserWarning: Unable to import Triton; defaulting MosaicBERT attention implementation to pytorch (this will reduce throughput when using this model).
  warnings.warn(
Some weights of BertForSequenceClassification were not initialized from the model checkpoint at zhihan1996/DNABERT-2-117M and are newly initialized: ['classifier.bias', 'bert.pooler.dense.bias', 'bert.pooler.dense.weight', 'classifier.weight']
You should probably TRAIN this model on a down-stream task to be able to use it for predictions and inference.
Loading sequences...
Random seed: 7
Promoters: 500, Random: 500
Train: 800, Test: 200
Loading tokenizer...
Tokenizing...
Loading model...
Using device: mps

Fine-tuning...
Epoch 1, batch 10/100, loss: 0.6160
Epoch 1, batch 20/100, loss: 0.6165
Epoch 1, batch 30/100, loss: 0.5698
Epoch 1, batch 40/100, loss: 0.4717
Epoch 1, batch 50/100, loss: 0.3400
Epoch 1, batch 60/100, loss: 0.6226
Epoch 1, batch 70/100, loss: 0.5340
Epoch 1, batch 80/100, loss: 0.3955
Epoch 1, batch 90/100, loss: 0.8884
Epoch 1, batch 100/100, loss: 0.3427
Epoch 1 complete. Avg loss: 0.5458
Epoch 2, batch 10/100, loss: 0.3363
Epoch 2, batch 20/100, loss: 0.3999
Epoch 2, batch 30/100, loss: 0.2032
Epoch 2, batch 40/100, loss: 0.1593
Epoch 2, batch 50/100, loss: 0.3520
Epoch 2, batch 60/100, loss: 0.5280
Epoch 2, batch 70/100, loss: 0.8324
Epoch 2, batch 80/100, loss: 0.4043
Epoch 2, batch 90/100, loss: 0.2181
Epoch 2, batch 100/100, loss: 0.7271
Epoch 2 complete. Avg loss: 0.4052
Epoch 3, batch 10/100, loss: 0.6554
Epoch 3, batch 20/100, loss: 0.2893
Epoch 3, batch 30/100, loss: 0.2208
Epoch 3, batch 40/100, loss: 0.0870
Epoch 3, batch 50/100, loss: 0.4274
Epoch 3, batch 60/100, loss: 0.3250
Epoch 3, batch 70/100, loss: 0.1785
Epoch 3, batch 80/100, loss: 0.2608
Epoch 3, batch 90/100, loss: 0.5989
Epoch 3, batch 100/100, loss: 0.0592
Epoch 3 complete. Avg loss: 0.3126

Evaluating...

AUC Score: 0.8531
FINAL_RESULT seed=7 auc=0.8531
0.5 = random chance, higher = model can distinguish promoters from random DNA
/opt/homebrew/Caskroom/miniforge/base/envs/dnabert2/lib/python3.9/site-packages/transformers/utils/generic.py:441: FutureWarning: `torch.utils._pytree._register_pytree_node` is deprecated. Please use `torch.utils._pytree.register_pytree_node` instead.
  _torch_pytree._register_pytree_node(
/opt/homebrew/Caskroom/miniforge/base/envs/dnabert2/lib/python3.9/site-packages/huggingface_hub/file_download.py:949: FutureWarning: `resume_download` is deprecated and will be removed in version 1.0.0. Downloads always resume when possible. If you want to force a new download, use `force_download=True`.
  warnings.warn(
/opt/homebrew/Caskroom/miniforge/base/envs/dnabert2/lib/python3.9/site-packages/transformers/utils/generic.py:309: FutureWarning: `torch.utils._pytree._register_pytree_node` is deprecated. Please use `torch.utils._pytree.register_pytree_node` instead.
  _torch_pytree._register_pytree_node(
/Users/maxwellkim/.cache/huggingface/modules/transformers_modules/zhihan1996/DNABERT-2-117M/7bce263b15377fc15361f52cfab88f8b586abda0/bert_layers.py:126: UserWarning: Unable to import Triton; defaulting MosaicBERT attention implementation to pytorch (this will reduce throughput when using this model).
  warnings.warn(
Some weights of BertForSequenceClassification were not initialized from the model checkpoint at zhihan1996/DNABERT-2-117M and are newly initialized: ['bert.pooler.dense.weight', 'classifier.bias', 'classifier.weight', 'bert.pooler.dense.bias']
You should probably TRAIN this model on a down-stream task to be able to use it for predictions and inference.
Loading sequences...
Random seed: 999
Promoters: 500, Random: 500
Train: 800, Test: 200
Loading tokenizer...
Tokenizing...
Loading model...
Using device: mps

Fine-tuning...
Epoch 1, batch 10/100, loss: 0.6516
Epoch 1, batch 20/100, loss: 0.6295
Epoch 1, batch 30/100, loss: 0.7014
Epoch 1, batch 40/100, loss: 0.5242
Epoch 1, batch 50/100, loss: 0.4192
Epoch 1, batch 60/100, loss: 0.6804
Epoch 1, batch 70/100, loss: 0.5826
Epoch 1, batch 80/100, loss: 0.3078
Epoch 1, batch 90/100, loss: 0.3212
Epoch 1, batch 100/100, loss: 0.2317
Epoch 1 complete. Avg loss: 0.5535
Epoch 2, batch 10/100, loss: 0.3971
Epoch 2, batch 20/100, loss: 0.5378
Epoch 2, batch 30/100, loss: 0.3515
Epoch 2, batch 40/100, loss: 0.3676
Epoch 2, batch 50/100, loss: 0.2574
Epoch 2, batch 60/100, loss: 0.7271
Epoch 2, batch 70/100, loss: 0.5629
Epoch 2, batch 80/100, loss: 0.2621
Epoch 2, batch 90/100, loss: 0.7409
Epoch 2, batch 100/100, loss: 0.7506
Epoch 2 complete. Avg loss: 0.4215
Epoch 3, batch 10/100, loss: 0.3180
Epoch 3, batch 20/100, loss: 0.2508
Epoch 3, batch 30/100, loss: 0.2960
Epoch 3, batch 40/100, loss: 0.4268
Epoch 3, batch 50/100, loss: 0.4513
Epoch 3, batch 60/100, loss: 0.1525
Epoch 3, batch 70/100, loss: 0.2103
Epoch 3, batch 80/100, loss: 0.5437
Epoch 3, batch 90/100, loss: 0.0851
Epoch 3, batch 100/100, loss: 0.3357
Epoch 3 complete. Avg loss: 0.3034

Evaluating...

AUC Score: 0.8472
FINAL_RESULT seed=999 auc=0.8472
0.5 = random chance, higher = model can distinguish promoters from random DNA
