/opt/homebrew/Caskroom/miniforge/base/envs/dnabert2/lib/python3.9/site-packages/transformers/utils/generic.py:441: FutureWarning: `torch.utils._pytree._register_pytree_node` is deprecated. Please use `torch.utils._pytree.register_pytree_node` instead.
  _torch_pytree._register_pytree_node(
/opt/homebrew/Caskroom/miniforge/base/envs/dnabert2/lib/python3.9/site-packages/huggingface_hub/file_download.py:949: FutureWarning: `resume_download` is deprecated and will be removed in version 1.0.0. Downloads always resume when possible. If you want to force a new download, use `force_download=True`.
  warnings.warn(
/opt/homebrew/Caskroom/miniforge/base/envs/dnabert2/lib/python3.9/site-packages/transformers/utils/generic.py:309: FutureWarning: `torch.utils._pytree._register_pytree_node` is deprecated. Please use `torch.utils._pytree.register_pytree_node` instead.
  _torch_pytree._register_pytree_node(
/Users/maxwellkim/.cache/huggingface/modules/transformers_modules/zhihan1996/DNABERT-2-117M/7bce263b15377fc15361f52cfab88f8b586abda0/bert_layers.py:126: UserWarning: Unable to import Triton; defaulting MosaicBERT attention implementation to pytorch (this will reduce throughput when using this model).
  warnings.warn(
Some weights of BertForSequenceClassification were not initialized from the model checkpoint at zhihan1996/DNABERT-2-117M and are newly initialized: ['classifier.bias', 'bert.pooler.dense.bias', 'classifier.weight', 'bert.pooler.dense.weight']
You should probably TRAIN this model on a down-stream task to be able to use it for predictions and inference.
Loading sequences...
Immune: 138, GPCR: 138, Transmembrane: 138
Train: 331, Test: 83
Loading tokenizer...
Loading model...
Using device: mps

Fine-tuning...
Epoch 1, batch 10/42, loss: 1.1135
Epoch 1, batch 20/42, loss: 1.0669
Epoch 1, batch 30/42, loss: 1.0957
Epoch 1, batch 40/42, loss: 1.0658
Epoch 1 complete. Avg loss: 1.1001
Epoch 2, batch 10/42, loss: 1.1359
Epoch 2, batch 20/42, loss: 1.0344
Epoch 2, batch 30/42, loss: 0.9850
Epoch 2, batch 40/42, loss: 1.0163
Epoch 2 complete. Avg loss: 1.0310
Epoch 3, batch 10/42, loss: 0.9358
Epoch 3, batch 20/42, loss: 1.0417
Epoch 3, batch 30/42, loss: 1.1385
Epoch 3, batch 40/42, loss: 0.7189
Epoch 3 complete. Avg loss: 0.9099

Evaluating...

=== RESULTS seed=0 (GO 3-way) ===
Overall accuracy: 0.4337
AUC immune vs rest: 0.7045
AUC gpcr vs rest: 0.5331
AUC transmembrane vs rest: 0.6673

Confusion matrix (rows=true, cols=pred):
           immune    gpcr  transm
      immune     11       2      15
        gpcr      7       7      14
transmembran      4       5      18

FINAL_RESULT seed=0 acc=0.4337
/opt/homebrew/Caskroom/miniforge/base/envs/dnabert2/lib/python3.9/site-packages/transformers/utils/generic.py:441: FutureWarning: `torch.utils._pytree._register_pytree_node` is deprecated. Please use `torch.utils._pytree.register_pytree_node` instead.
  _torch_pytree._register_pytree_node(
/opt/homebrew/Caskroom/miniforge/base/envs/dnabert2/lib/python3.9/site-packages/huggingface_hub/file_download.py:949: FutureWarning: `resume_download` is deprecated and will be removed in version 1.0.0. Downloads always resume when possible. If you want to force a new download, use `force_download=True`.
  warnings.warn(
/opt/homebrew/Caskroom/miniforge/base/envs/dnabert2/lib/python3.9/site-packages/transformers/utils/generic.py:309: FutureWarning: `torch.utils._pytree._register_pytree_node` is deprecated. Please use `torch.utils._pytree.register_pytree_node` instead.
  _torch_pytree._register_pytree_node(
/Users/maxwellkim/.cache/huggingface/modules/transformers_modules/zhihan1996/DNABERT-2-117M/7bce263b15377fc15361f52cfab88f8b586abda0/bert_layers.py:126: UserWarning: Unable to import Triton; defaulting MosaicBERT attention implementation to pytorch (this will reduce throughput when using this model).
  warnings.warn(
Some weights of BertForSequenceClassification were not initialized from the model checkpoint at zhihan1996/DNABERT-2-117M and are newly initialized: ['bert.pooler.dense.bias', 'classifier.weight', 'bert.pooler.dense.weight', 'classifier.bias']
You should probably TRAIN this model on a down-stream task to be able to use it for predictions and inference.
Loading sequences...
Immune: 138, GPCR: 138, Transmembrane: 138
Train: 331, Test: 83
Loading tokenizer...
Loading model...
Using device: mps

Fine-tuning...
Epoch 1, batch 10/42, loss: 1.0985
Epoch 1, batch 20/42, loss: 1.1303
Epoch 1, batch 30/42, loss: 1.1039
Epoch 1, batch 40/42, loss: 1.0966
Epoch 1 complete. Avg loss: 1.0979
Epoch 2, batch 10/42, loss: 1.0784
Epoch 2, batch 20/42, loss: 1.0084
Epoch 2, batch 30/42, loss: 1.0236
Epoch 2, batch 40/42, loss: 1.0298
Epoch 2 complete. Avg loss: 1.0305
Epoch 3, batch 10/42, loss: 0.9620
Epoch 3, batch 20/42, loss: 0.8569
Epoch 3, batch 30/42, loss: 0.9543
Epoch 3, batch 40/42, loss: 0.6529
Epoch 3 complete. Avg loss: 0.9012

Evaluating...

=== RESULTS seed=42 (GO 3-way) ===
Overall accuracy: 0.4337
AUC immune vs rest: 0.6918
AUC gpcr vs rest: 0.5006
AUC transmembrane vs rest: 0.7558

Confusion matrix (rows=true, cols=pred):
           immune    gpcr  transm
      immune     18       4       5
        gpcr     17       6       5
transmembran     10       6      12

FINAL_RESULT seed=42 acc=0.4337
/opt/homebrew/Caskroom/miniforge/base/envs/dnabert2/lib/python3.9/site-packages/transformers/utils/generic.py:441: FutureWarning: `torch.utils._pytree._register_pytree_node` is deprecated. Please use `torch.utils._pytree.register_pytree_node` instead.
  _torch_pytree._register_pytree_node(
/opt/homebrew/Caskroom/miniforge/base/envs/dnabert2/lib/python3.9/site-packages/huggingface_hub/file_download.py:949: FutureWarning: `resume_download` is deprecated and will be removed in version 1.0.0. Downloads always resume when possible. If you want to force a new download, use `force_download=True`.
  warnings.warn(
/opt/homebrew/Caskroom/miniforge/base/envs/dnabert2/lib/python3.9/site-packages/transformers/utils/generic.py:309: FutureWarning: `torch.utils._pytree._register_pytree_node` is deprecated. Please use `torch.utils._pytree.register_pytree_node` instead.
  _torch_pytree._register_pytree_node(
/Users/maxwellkim/.cache/huggingface/modules/transformers_modules/zhihan1996/DNABERT-2-117M/7bce263b15377fc15361f52cfab88f8b586abda0/bert_layers.py:126: UserWarning: Unable to import Triton; defaulting MosaicBERT attention implementation to pytorch (this will reduce throughput when using this model).
  warnings.warn(
Some weights of BertForSequenceClassification were not initialized from the model checkpoint at zhihan1996/DNABERT-2-117M and are newly initialized: ['classifier.bias', 'bert.pooler.dense.weight', 'classifier.weight', 'bert.pooler.dense.bias']
You should probably TRAIN this model on a down-stream task to be able to use it for predictions and inference.
Loading sequences...
Immune: 138, GPCR: 138, Transmembrane: 138
Train: 331, Test: 83
Loading tokenizer...
Loading model...
Using device: mps

Fine-tuning...
Epoch 1, batch 10/42, loss: 1.1107
Epoch 1, batch 20/42, loss: 1.1090
Epoch 1, batch 30/42, loss: 1.1170
Epoch 1, batch 40/42, loss: 1.1354
Epoch 1 complete. Avg loss: 1.1026
Epoch 2, batch 10/42, loss: 1.0825
Epoch 2, batch 20/42, loss: 1.1039
Epoch 2, batch 30/42, loss: 1.0921
Epoch 2, batch 40/42, loss: 1.1046
Epoch 2 complete. Avg loss: 1.1032
Epoch 3, batch 10/42, loss: 1.0997
Epoch 3, batch 20/42, loss: 1.0656
Epoch 3, batch 30/42, loss: 1.1089
Epoch 3, batch 40/42, loss: 1.1220
Epoch 3 complete. Avg loss: 1.1040

Evaluating...

=== RESULTS seed=123 (GO 3-way) ===
Overall accuracy: 0.3373
AUC immune vs rest: 0.4825
AUC gpcr vs rest: 0.4474
AUC transmembrane vs rest: 0.5740

Confusion matrix (rows=true, cols=pred):
           immune    gpcr  transm
      immune      0      27       0
        gpcr      0      28       0
transmembran      0      28       0

FINAL_RESULT seed=123 acc=0.3373
