/opt/homebrew/Caskroom/miniforge/base/envs/dnabert2/lib/python3.9/site-packages/transformers/utils/generic.py:441: FutureWarning: `torch.utils._pytree._register_pytree_node` is deprecated. Please use `torch.utils._pytree.register_pytree_node` instead.
  _torch_pytree._register_pytree_node(
/opt/homebrew/Caskroom/miniforge/base/envs/dnabert2/lib/python3.9/site-packages/huggingface_hub/file_download.py:949: FutureWarning: `resume_download` is deprecated and will be removed in version 1.0.0. Downloads always resume when possible. If you want to force a new download, use `force_download=True`.
  warnings.warn(
/opt/homebrew/Caskroom/miniforge/base/envs/dnabert2/lib/python3.9/site-packages/transformers/utils/generic.py:309: FutureWarning: `torch.utils._pytree._register_pytree_node` is deprecated. Please use `torch.utils._pytree.register_pytree_node` instead.
  _torch_pytree._register_pytree_node(
/Users/maxwellkim/.cache/huggingface/modules/transformers_modules/zhihan1996/DNABERT-2-117M/7bce263b15377fc15361f52cfab88f8b586abda0/bert_layers.py:126: UserWarning: Unable to import Triton; defaulting MosaicBERT attention implementation to pytorch (this will reduce throughput when using this model).
  warnings.warn(
Some weights of BertForSequenceClassification were not initialized from the model checkpoint at zhihan1996/DNABERT-2-117M and are newly initialized: ['classifier.weight', 'bert.pooler.dense.bias', 'bert.pooler.dense.weight', 'classifier.bias']
You should probably TRAIN this model on a down-stream task to be able to use it for predictions and inference.
Loading sequences...
Immune: 230, GPCR: 230, Transmembrane: 230
Train: 552, Test: 138
Loading tokenizer...
Loading model...
Using device: mps

Fine-tuning...
Epoch 1, batch 10/69, loss: 1.0679
Epoch 1, batch 20/69, loss: 1.1138
Epoch 1, batch 30/69, loss: 1.1548
Epoch 1, batch 40/69, loss: 1.0292
Epoch 1, batch 50/69, loss: 1.0403
Epoch 1, batch 60/69, loss: 0.9222
Epoch 1 complete. Avg loss: 1.0762
Epoch 2, batch 10/69, loss: 0.9865
Epoch 2, batch 20/69, loss: 0.7813
Epoch 2, batch 30/69, loss: 0.8232
Epoch 2, batch 40/69, loss: 1.1372
Epoch 2, batch 50/69, loss: 1.0736
Epoch 2, batch 60/69, loss: 1.0300
Epoch 2 complete. Avg loss: 0.9778
Epoch 3, batch 10/69, loss: 0.9174
Epoch 3, batch 20/69, loss: 0.8867
Epoch 3, batch 30/69, loss: 0.9003
Epoch 3, batch 40/69, loss: 0.7715
Epoch 3, batch 50/69, loss: 1.0181
Epoch 3, batch 60/69, loss: 0.8301
Epoch 3 complete. Avg loss: 0.8525

Evaluating...

=== RESULTS seed=0 (GO 3-way) ===
Overall accuracy: 0.5072
AUC immune vs rest: 0.6796
AUC gpcr vs rest: 0.6335
AUC transmembrane vs rest: 0.6992

Confusion matrix (rows=true, cols=pred):
           immune    gpcr  transm
      immune     21       8      17
        gpcr      9      15      22
transmembran      7       5      34

FINAL_RESULT seed=0 acc=0.5072
/opt/homebrew/Caskroom/miniforge/base/envs/dnabert2/lib/python3.9/site-packages/transformers/utils/generic.py:441: FutureWarning: `torch.utils._pytree._register_pytree_node` is deprecated. Please use `torch.utils._pytree.register_pytree_node` instead.
  _torch_pytree._register_pytree_node(
/opt/homebrew/Caskroom/miniforge/base/envs/dnabert2/lib/python3.9/site-packages/huggingface_hub/file_download.py:949: FutureWarning: `resume_download` is deprecated and will be removed in version 1.0.0. Downloads always resume when possible. If you want to force a new download, use `force_download=True`.
  warnings.warn(
/opt/homebrew/Caskroom/miniforge/base/envs/dnabert2/lib/python3.9/site-packages/transformers/utils/generic.py:309: FutureWarning: `torch.utils._pytree._register_pytree_node` is deprecated. Please use `torch.utils._pytree.register_pytree_node` instead.
  _torch_pytree._register_pytree_node(
/Users/maxwellkim/.cache/huggingface/modules/transformers_modules/zhihan1996/DNABERT-2-117M/7bce263b15377fc15361f52cfab88f8b586abda0/bert_layers.py:126: UserWarning: Unable to import Triton; defaulting MosaicBERT attention implementation to pytorch (this will reduce throughput when using this model).
  warnings.warn(
Some weights of BertForSequenceClassification were not initialized from the model checkpoint at zhihan1996/DNABERT-2-117M and are newly initialized: ['classifier.weight', 'bert.pooler.dense.bias', 'classifier.bias', 'bert.pooler.dense.weight']
You should probably TRAIN this model on a down-stream task to be able to use it for predictions and inference.
Loading sequences...
Immune: 230, GPCR: 230, Transmembrane: 230
Train: 552, Test: 138
Loading tokenizer...
Loading model...
Using device: mps

Fine-tuning...
Epoch 1, batch 10/69, loss: 1.0600
Epoch 1, batch 20/69, loss: 1.0840
Epoch 1, batch 30/69, loss: 1.1268
Epoch 1, batch 40/69, loss: 1.1823
Epoch 1, batch 50/69, loss: 1.0540
Epoch 1, batch 60/69, loss: 1.0503
Epoch 1 complete. Avg loss: 1.0744
Epoch 2, batch 10/69, loss: 1.0615
Epoch 2, batch 20/69, loss: 0.9237
Epoch 2, batch 30/69, loss: 0.9796
Epoch 2, batch 40/69, loss: 0.9963
Epoch 2, batch 50/69, loss: 1.0488
Epoch 2, batch 60/69, loss: 0.9794
Epoch 2 complete. Avg loss: 0.9780
Epoch 3, batch 10/69, loss: 1.0901
Epoch 3, batch 20/69, loss: 0.9158
Epoch 3, batch 30/69, loss: 0.9023
Epoch 3, batch 40/69, loss: 0.5804
Epoch 3, batch 50/69, loss: 0.5170
Epoch 3, batch 60/69, loss: 0.9240
Epoch 3 complete. Avg loss: 0.8406

Evaluating...

=== RESULTS seed=42 (GO 3-way) ===
Overall accuracy: 0.5145
AUC immune vs rest: 0.7091
AUC gpcr vs rest: 0.6269
AUC transmembrane vs rest: 0.7250

Confusion matrix (rows=true, cols=pred):
           immune    gpcr  transm
      immune     22      13      11
        gpcr      8      24      14
transmembran      8      13      25

FINAL_RESULT seed=42 acc=0.5145
/opt/homebrew/Caskroom/miniforge/base/envs/dnabert2/lib/python3.9/site-packages/transformers/utils/generic.py:441: FutureWarning: `torch.utils._pytree._register_pytree_node` is deprecated. Please use `torch.utils._pytree.register_pytree_node` instead.
  _torch_pytree._register_pytree_node(
/opt/homebrew/Caskroom/miniforge/base/envs/dnabert2/lib/python3.9/site-packages/huggingface_hub/file_download.py:949: FutureWarning: `resume_download` is deprecated and will be removed in version 1.0.0. Downloads always resume when possible. If you want to force a new download, use `force_download=True`.
  warnings.warn(
/opt/homebrew/Caskroom/miniforge/base/envs/dnabert2/lib/python3.9/site-packages/transformers/utils/generic.py:309: FutureWarning: `torch.utils._pytree._register_pytree_node` is deprecated. Please use `torch.utils._pytree.register_pytree_node` instead.
  _torch_pytree._register_pytree_node(
/Users/maxwellkim/.cache/huggingface/modules/transformers_modules/zhihan1996/DNABERT-2-117M/7bce263b15377fc15361f52cfab88f8b586abda0/bert_layers.py:126: UserWarning: Unable to import Triton; defaulting MosaicBERT attention implementation to pytorch (this will reduce throughput when using this model).
  warnings.warn(
Some weights of BertForSequenceClassification were not initialized from the model checkpoint at zhihan1996/DNABERT-2-117M and are newly initialized: ['bert.pooler.dense.bias', 'classifier.weight', 'bert.pooler.dense.weight', 'classifier.bias']
You should probably TRAIN this model on a down-stream task to be able to use it for predictions and inference.
Loading sequences...
Immune: 230, GPCR: 230, Transmembrane: 230
Train: 552, Test: 138
Loading tokenizer...
Loading model...
Using device: mps

Fine-tuning...
Epoch 1, batch 10/69, loss: 1.1477
Epoch 1, batch 20/69, loss: 1.0738
Epoch 1, batch 30/69, loss: 1.0655
Epoch 1, batch 40/69, loss: 1.0826
Epoch 1, batch 50/69, loss: 1.0574
Epoch 1, batch 60/69, loss: 1.1306
Epoch 1 complete. Avg loss: 1.0788
Epoch 2, batch 10/69, loss: 1.0700
Epoch 2, batch 20/69, loss: 0.9659
Epoch 2, batch 30/69, loss: 0.9522
Epoch 2, batch 40/69, loss: 0.9222
Epoch 2, batch 50/69, loss: 0.9157
Epoch 2, batch 60/69, loss: 1.0793
Epoch 2 complete. Avg loss: 0.9707
Epoch 3, batch 10/69, loss: 1.0265
Epoch 3, batch 20/69, loss: 0.6350
Epoch 3, batch 30/69, loss: 0.8343
Epoch 3, batch 40/69, loss: 0.8202
Epoch 3, batch 50/69, loss: 0.7461
Epoch 3, batch 60/69, loss: 0.8756
Epoch 3 complete. Avg loss: 0.7917

Evaluating...

=== RESULTS seed=123 (GO 3-way) ===
Overall accuracy: 0.4493
AUC immune vs rest: 0.6304
AUC gpcr vs rest: 0.6304
AUC transmembrane vs rest: 0.6661

Confusion matrix (rows=true, cols=pred):
           immune    gpcr  transm
      immune     19      17      10
        gpcr     11      20      15
transmembran     10      13      23

FINAL_RESULT seed=123 acc=0.4493
