/opt/homebrew/Caskroom/miniforge/base/envs/dnabert2/lib/python3.9/site-packages/transformers/utils/generic.py:441: FutureWarning: `torch.utils._pytree._register_pytree_node` is deprecated. Please use `torch.utils._pytree.register_pytree_node` instead.
  _torch_pytree._register_pytree_node(
/opt/homebrew/Caskroom/miniforge/base/envs/dnabert2/lib/python3.9/site-packages/huggingface_hub/file_download.py:949: FutureWarning: `resume_download` is deprecated and will be removed in version 1.0.0. Downloads always resume when possible. If you want to force a new download, use `force_download=True`.
  warnings.warn(
/opt/homebrew/Caskroom/miniforge/base/envs/dnabert2/lib/python3.9/site-packages/transformers/utils/generic.py:309: FutureWarning: `torch.utils._pytree._register_pytree_node` is deprecated. Please use `torch.utils._pytree.register_pytree_node` instead.
  _torch_pytree._register_pytree_node(
/Users/maxwellkim/.cache/huggingface/modules/transformers_modules/zhihan1996/DNABERT-2-117M/7bce263b15377fc15361f52cfab88f8b586abda0/bert_layers.py:126: UserWarning: Unable to import Triton; defaulting MosaicBERT attention implementation to pytorch (this will reduce throughput when using this model).
  warnings.warn(
Some weights of BertForSequenceClassification were not initialized from the model checkpoint at zhihan1996/DNABERT-2-117M and are newly initialized: ['bert.pooler.dense.weight', 'classifier.bias', 'bert.pooler.dense.bias', 'classifier.weight']
You should probably TRAIN this model on a down-stream task to be able to use it for predictions and inference.
Loading sequences...
Immune: 230, GPCR: 230, Transmembrane: 230
Train: 552, Test: 138
Loading tokenizer...
Loading model...
Using device: mps

Fine-tuning...
Epoch 1, batch 10/69, loss: 1.0939
Epoch 1, batch 20/69, loss: 1.1005
Epoch 1, batch 30/69, loss: 1.0714
Epoch 1, batch 40/69, loss: 1.0412
Epoch 1, batch 50/69, loss: 1.0786
Epoch 1, batch 60/69, loss: 1.0690
Epoch 1 complete. Avg loss: 1.0741
Epoch 2, batch 10/69, loss: 1.0880
Epoch 2, batch 20/69, loss: 1.0410
Epoch 2, batch 30/69, loss: 0.8832
Epoch 2, batch 40/69, loss: 1.1180
Epoch 2, batch 50/69, loss: 0.8832
Epoch 2, batch 60/69, loss: 0.9200
Epoch 2 complete. Avg loss: 0.9784
Epoch 3, batch 10/69, loss: 0.8272
Epoch 3, batch 20/69, loss: 0.7781
Epoch 3, batch 30/69, loss: 0.6744
Epoch 3, batch 40/69, loss: 0.8601
Epoch 3, batch 50/69, loss: 1.0451
Epoch 3, batch 60/69, loss: 0.9987
Epoch 3 complete. Avg loss: 0.8164

Evaluating...

=== RESULTS seed=1 (GO 3-way) ===
Overall accuracy: 0.5652
AUC immune vs rest: 0.7361
AUC gpcr vs rest: 0.6843
AUC transmembrane vs rest: 0.6923

Confusion matrix (rows=true, cols=pred):
           immune    gpcr  transm
      immune     24       9      13
        gpcr      6      25      15
transmembran      8       9      29

FINAL_RESULT seed=1 acc=0.5652
/opt/homebrew/Caskroom/miniforge/base/envs/dnabert2/lib/python3.9/site-packages/transformers/utils/generic.py:441: FutureWarning: `torch.utils._pytree._register_pytree_node` is deprecated. Please use `torch.utils._pytree.register_pytree_node` instead.
  _torch_pytree._register_pytree_node(
/opt/homebrew/Caskroom/miniforge/base/envs/dnabert2/lib/python3.9/site-packages/huggingface_hub/file_download.py:949: FutureWarning: `resume_download` is deprecated and will be removed in version 1.0.0. Downloads always resume when possible. If you want to force a new download, use `force_download=True`.
  warnings.warn(
/opt/homebrew/Caskroom/miniforge/base/envs/dnabert2/lib/python3.9/site-packages/transformers/utils/generic.py:309: FutureWarning: `torch.utils._pytree._register_pytree_node` is deprecated. Please use `torch.utils._pytree.register_pytree_node` instead.
  _torch_pytree._register_pytree_node(
/Users/maxwellkim/.cache/huggingface/modules/transformers_modules/zhihan1996/DNABERT-2-117M/7bce263b15377fc15361f52cfab88f8b586abda0/bert_layers.py:126: UserWarning: Unable to import Triton; defaulting MosaicBERT attention implementation to pytorch (this will reduce throughput when using this model).
  warnings.warn(
Some weights of BertForSequenceClassification were not initialized from the model checkpoint at zhihan1996/DNABERT-2-117M and are newly initialized: ['classifier.bias', 'bert.pooler.dense.bias', 'bert.pooler.dense.weight', 'classifier.weight']
You should probably TRAIN this model on a down-stream task to be able to use it for predictions and inference.
Loading sequences...
Immune: 230, GPCR: 230, Transmembrane: 230
Train: 552, Test: 138
Loading tokenizer...
Loading model...
Using device: mps

Fine-tuning...
Epoch 1, batch 10/69, loss: 1.1186
Epoch 1, batch 20/69, loss: 1.1037
Epoch 1, batch 30/69, loss: 1.0944
Epoch 1, batch 40/69, loss: 1.0357
Epoch 1, batch 50/69, loss: 0.9648
Epoch 1, batch 60/69, loss: 1.1628
Epoch 1 complete. Avg loss: 1.0761
Epoch 2, batch 10/69, loss: 1.0704
Epoch 2, batch 20/69, loss: 0.9872
Epoch 2, batch 30/69, loss: 1.0520
Epoch 2, batch 40/69, loss: 1.0324
Epoch 2, batch 50/69, loss: 1.0804
Epoch 2, batch 60/69, loss: 1.0104
Epoch 2 complete. Avg loss: 1.0322
Epoch 3, batch 10/69, loss: 1.1082
Epoch 3, batch 20/69, loss: 0.7801
Epoch 3, batch 30/69, loss: 0.9351
Epoch 3, batch 40/69, loss: 0.9005
Epoch 3, batch 50/69, loss: 0.8484
Epoch 3, batch 60/69, loss: 1.0180
Epoch 3 complete. Avg loss: 0.9539

Evaluating...

=== RESULTS seed=7 (GO 3-way) ===
Overall accuracy: 0.4928
AUC immune vs rest: 0.6718
AUC gpcr vs rest: 0.6744
AUC transmembrane vs rest: 0.6737

Confusion matrix (rows=true, cols=pred):
           immune    gpcr  transm
      immune     17      15      14
        gpcr      3      23      20
transmembran      9       9      28

FINAL_RESULT seed=7 acc=0.4928
/opt/homebrew/Caskroom/miniforge/base/envs/dnabert2/lib/python3.9/site-packages/transformers/utils/generic.py:441: FutureWarning: `torch.utils._pytree._register_pytree_node` is deprecated. Please use `torch.utils._pytree.register_pytree_node` instead.
  _torch_pytree._register_pytree_node(
/opt/homebrew/Caskroom/miniforge/base/envs/dnabert2/lib/python3.9/site-packages/huggingface_hub/file_download.py:949: FutureWarning: `resume_download` is deprecated and will be removed in version 1.0.0. Downloads always resume when possible. If you want to force a new download, use `force_download=True`.
  warnings.warn(
/opt/homebrew/Caskroom/miniforge/base/envs/dnabert2/lib/python3.9/site-packages/transformers/utils/generic.py:309: FutureWarning: `torch.utils._pytree._register_pytree_node` is deprecated. Please use `torch.utils._pytree.register_pytree_node` instead.
  _torch_pytree._register_pytree_node(
/Users/maxwellkim/.cache/huggingface/modules/transformers_modules/zhihan1996/DNABERT-2-117M/7bce263b15377fc15361f52cfab88f8b586abda0/bert_layers.py:126: UserWarning: Unable to import Triton; defaulting MosaicBERT attention implementation to pytorch (this will reduce throughput when using this model).
  warnings.warn(
Some weights of BertForSequenceClassification were not initialized from the model checkpoint at zhihan1996/DNABERT-2-117M and are newly initialized: ['classifier.weight', 'classifier.bias', 'bert.pooler.dense.bias', 'bert.pooler.dense.weight']
You should probably TRAIN this model on a down-stream task to be able to use it for predictions and inference.
Loading sequences...
Immune: 230, GPCR: 230, Transmembrane: 230
Train: 552, Test: 138
Loading tokenizer...
Loading model...
Using device: mps

Fine-tuning...
Epoch 1, batch 10/69, loss: 1.1666
Epoch 1, batch 20/69, loss: 1.0532
Epoch 1, batch 30/69, loss: 1.0563
Epoch 1, batch 40/69, loss: 1.0035
Epoch 1, batch 50/69, loss: 1.1220
Epoch 1, batch 60/69, loss: 0.9819
Epoch 1 complete. Avg loss: 1.0761
Epoch 2, batch 10/69, loss: 1.0357
Epoch 2, batch 20/69, loss: 1.0457
Epoch 2, batch 30/69, loss: 1.0413
Epoch 2, batch 40/69, loss: 1.0950
Epoch 2, batch 50/69, loss: 1.0058
Epoch 2, batch 60/69, loss: 0.9987
Epoch 2 complete. Avg loss: 1.0187
Epoch 3, batch 10/69, loss: 0.9999
Epoch 3, batch 20/69, loss: 1.1849
Epoch 3, batch 30/69, loss: 0.8869
Epoch 3, batch 40/69, loss: 0.8001
Epoch 3, batch 50/69, loss: 0.8522
Epoch 3, batch 60/69, loss: 0.8882
Epoch 3 complete. Avg loss: 0.9332

Evaluating...

=== RESULTS seed=999 (GO 3-way) ===
Overall accuracy: 0.5000
AUC immune vs rest: 0.6085
AUC gpcr vs rest: 0.6706
AUC transmembrane vs rest: 0.6616

Confusion matrix (rows=true, cols=pred):
           immune    gpcr  transm
      immune     18       8      20
        gpcr      8      21      17
transmembran      6      10      30

FINAL_RESULT seed=999 acc=0.5000
/opt/homebrew/Caskroom/miniforge/base/envs/dnabert2/lib/python3.9/site-packages/transformers/utils/generic.py:441: FutureWarning: `torch.utils._pytree._register_pytree_node` is deprecated. Please use `torch.utils._pytree.register_pytree_node` instead.
  _torch_pytree._register_pytree_node(
/opt/homebrew/Caskroom/miniforge/base/envs/dnabert2/lib/python3.9/site-packages/huggingface_hub/file_download.py:949: FutureWarning: `resume_download` is deprecated and will be removed in version 1.0.0. Downloads always resume when possible. If you want to force a new download, use `force_download=True`.
  warnings.warn(
/opt/homebrew/Caskroom/miniforge/base/envs/dnabert2/lib/python3.9/site-packages/transformers/utils/generic.py:309: FutureWarning: `torch.utils._pytree._register_pytree_node` is deprecated. Please use `torch.utils._pytree.register_pytree_node` instead.
  _torch_pytree._register_pytree_node(
/Users/maxwellkim/.cache/huggingface/modules/transformers_modules/zhihan1996/DNABERT-2-117M/7bce263b15377fc15361f52cfab88f8b586abda0/bert_layers.py:126: UserWarning: Unable to import Triton; defaulting MosaicBERT attention implementation to pytorch (this will reduce throughput when using this model).
  warnings.warn(
Some weights of BertForSequenceClassification were not initialized from the model checkpoint at zhihan1996/DNABERT-2-117M and are newly initialized: ['bert.pooler.dense.bias', 'classifier.weight', 'bert.pooler.dense.weight', 'classifier.bias']
You should probably TRAIN this model on a down-stream task to be able to use it for predictions and inference.
Loading sequences...
Immune: 230, GPCR: 230, Transmembrane: 230
Train: 552, Test: 138
Loading tokenizer...
Loading model...
Using device: mps

Fine-tuning...
Epoch 1, batch 10/69, loss: 1.1025
Epoch 1, batch 20/69, loss: 1.0754
Epoch 1, batch 30/69, loss: 1.0202
Epoch 1, batch 40/69, loss: 1.1501
Epoch 1, batch 50/69, loss: 1.0491
Epoch 1, batch 60/69, loss: 0.9393
Epoch 1 complete. Avg loss: 1.0699
Epoch 2, batch 10/69, loss: 1.0207
Epoch 2, batch 20/69, loss: 0.8299
Epoch 2, batch 30/69, loss: 1.2358
Epoch 2, batch 40/69, loss: 0.8217
Epoch 2, batch 50/69, loss: 0.9438
Epoch 2, batch 60/69, loss: 0.9424
Epoch 2 complete. Avg loss: 0.9814
Epoch 3, batch 10/69, loss: 1.0941
Epoch 3, batch 20/69, loss: 0.8946
Epoch 3, batch 30/69, loss: 0.9903
Epoch 3, batch 40/69, loss: 1.0453
Epoch 3, batch 50/69, loss: 0.7671
Epoch 3, batch 60/69, loss: 0.9411
Epoch 3 complete. Avg loss: 0.8483

Evaluating...

=== RESULTS seed=2024 (GO 3-way) ===
Overall accuracy: 0.4638
AUC immune vs rest: 0.7179
AUC gpcr vs rest: 0.5865
AUC transmembrane vs rest: 0.7153

Confusion matrix (rows=true, cols=pred):
           immune    gpcr  transm
      immune     14      23       9
        gpcr      2      26      18
transmembran      4      18      24

FINAL_RESULT seed=2024 acc=0.4638
/opt/homebrew/Caskroom/miniforge/base/envs/dnabert2/lib/python3.9/site-packages/transformers/utils/generic.py:441: FutureWarning: `torch.utils._pytree._register_pytree_node` is deprecated. Please use `torch.utils._pytree.register_pytree_node` instead.
  _torch_pytree._register_pytree_node(
/opt/homebrew/Caskroom/miniforge/base/envs/dnabert2/lib/python3.9/site-packages/huggingface_hub/file_download.py:949: FutureWarning: `resume_download` is deprecated and will be removed in version 1.0.0. Downloads always resume when possible. If you want to force a new download, use `force_download=True`.
  warnings.warn(
/opt/homebrew/Caskroom/miniforge/base/envs/dnabert2/lib/python3.9/site-packages/transformers/utils/generic.py:309: FutureWarning: `torch.utils._pytree._register_pytree_node` is deprecated. Please use `torch.utils._pytree.register_pytree_node` instead.
  _torch_pytree._register_pytree_node(
/Users/maxwellkim/.cache/huggingface/modules/transformers_modules/zhihan1996/DNABERT-2-117M/7bce263b15377fc15361f52cfab88f8b586abda0/bert_layers.py:126: UserWarning: Unable to import Triton; defaulting MosaicBERT attention implementation to pytorch (this will reduce throughput when using this model).
  warnings.warn(
Some weights of BertForSequenceClassification were not initialized from the model checkpoint at zhihan1996/DNABERT-2-117M and are newly initialized: ['bert.pooler.dense.weight', 'classifier.weight', 'classifier.bias', 'bert.pooler.dense.bias']
You should probably TRAIN this model on a down-stream task to be able to use it for predictions and inference.
Loading sequences...
Immune: 230, GPCR: 230, Transmembrane: 230
Train: 552, Test: 138
Loading tokenizer...
Loading model...
Using device: mps

Fine-tuning...
Epoch 1, batch 10/69, loss: 1.0839
Epoch 1, batch 20/69, loss: 1.1121
Epoch 1, batch 30/69, loss: 1.0689
Epoch 1, batch 40/69, loss: 1.0491
Epoch 1, batch 50/69, loss: 1.0453
Epoch 1, batch 60/69, loss: 1.0196
Epoch 1 complete. Avg loss: 1.0737
Epoch 2, batch 10/69, loss: 1.1326
Epoch 2, batch 20/69, loss: 0.8943
Epoch 2, batch 30/69, loss: 1.2508
Epoch 2, batch 40/69, loss: 1.0239
Epoch 2, batch 50/69, loss: 1.0635
Epoch 2, batch 60/69, loss: 0.9294
Epoch 2 complete. Avg loss: 1.0002
Epoch 3, batch 10/69, loss: 0.9566
Epoch 3, batch 20/69, loss: 0.8584
Epoch 3, batch 30/69, loss: 0.9617
Epoch 3, batch 40/69, loss: 0.7478
Epoch 3, batch 50/69, loss: 0.7652
Epoch 3, batch 60/69, loss: 0.6173
Epoch 3 complete. Avg loss: 0.8373

Evaluating...

=== RESULTS seed=55 (GO 3-way) ===
Overall accuracy: 0.5072
AUC immune vs rest: 0.7703
AUC gpcr vs rest: 0.6078
AUC transmembrane vs rest: 0.7079

Confusion matrix (rows=true, cols=pred):
           immune    gpcr  transm
      immune     26      15       5
        gpcr      8      22      16
transmembran     11      13      22

FINAL_RESULT seed=55 acc=0.5072
/opt/homebrew/Caskroom/miniforge/base/envs/dnabert2/lib/python3.9/site-packages/transformers/utils/generic.py:441: FutureWarning: `torch.utils._pytree._register_pytree_node` is deprecated. Please use `torch.utils._pytree.register_pytree_node` instead.
  _torch_pytree._register_pytree_node(
/opt/homebrew/Caskroom/miniforge/base/envs/dnabert2/lib/python3.9/site-packages/huggingface_hub/file_download.py:949: FutureWarning: `resume_download` is deprecated and will be removed in version 1.0.0. Downloads always resume when possible. If you want to force a new download, use `force_download=True`.
  warnings.warn(
/opt/homebrew/Caskroom/miniforge/base/envs/dnabert2/lib/python3.9/site-packages/transformers/utils/generic.py:309: FutureWarning: `torch.utils._pytree._register_pytree_node` is deprecated. Please use `torch.utils._pytree.register_pytree_node` instead.
  _torch_pytree._register_pytree_node(
/Users/maxwellkim/.cache/huggingface/modules/transformers_modules/zhihan1996/DNABERT-2-117M/7bce263b15377fc15361f52cfab88f8b586abda0/bert_layers.py:126: UserWarning: Unable to import Triton; defaulting MosaicBERT attention implementation to pytorch (this will reduce throughput when using this model).
  warnings.warn(
Some weights of BertForSequenceClassification were not initialized from the model checkpoint at zhihan1996/DNABERT-2-117M and are newly initialized: ['classifier.weight', 'classifier.bias', 'bert.pooler.dense.weight', 'bert.pooler.dense.bias']
You should probably TRAIN this model on a down-stream task to be able to use it for predictions and inference.
Loading sequences...
Immune: 138, GPCR: 138, Transmembrane: 138
Train: 331, Test: 83
Loading tokenizer...
Loading model...
Using device: mps

Fine-tuning...
Epoch 1, batch 10/42, loss: 1.0892
Epoch 1, batch 20/42, loss: 1.1005
Epoch 1, batch 30/42, loss: 1.0858
Epoch 1, batch 40/42, loss: 1.0803
Epoch 1 complete. Avg loss: 1.0935
Epoch 2, batch 10/42, loss: 1.0406
Epoch 2, batch 20/42, loss: 0.9607
Epoch 2, batch 30/42, loss: 1.1086
Epoch 2, batch 40/42, loss: 0.9771
Epoch 2 complete. Avg loss: 1.0206
Epoch 3, batch 10/42, loss: 0.8869
Epoch 3, batch 20/42, loss: 0.9786
Epoch 3, batch 30/42, loss: 0.9934
Epoch 3, batch 40/42, loss: 0.8619
Epoch 3 complete. Avg loss: 0.8547

Evaluating...

=== RESULTS seed=1 (GO 3-way) ===
Overall accuracy: 0.3494
AUC immune vs rest: 0.6534
AUC gpcr vs rest: 0.5227
AUC transmembrane vs rest: 0.6221

Confusion matrix (rows=true, cols=pred):
           immune    gpcr  transm
      immune      9       6      12
        gpcr      7       4      17
transmembran      5       7      16

FINAL_RESULT seed=1 acc=0.3494
/opt/homebrew/Caskroom/miniforge/base/envs/dnabert2/lib/python3.9/site-packages/transformers/utils/generic.py:441: FutureWarning: `torch.utils._pytree._register_pytree_node` is deprecated. Please use `torch.utils._pytree.register_pytree_node` instead.
  _torch_pytree._register_pytree_node(
/opt/homebrew/Caskroom/miniforge/base/envs/dnabert2/lib/python3.9/site-packages/huggingface_hub/file_download.py:949: FutureWarning: `resume_download` is deprecated and will be removed in version 1.0.0. Downloads always resume when possible. If you want to force a new download, use `force_download=True`.
  warnings.warn(
/opt/homebrew/Caskroom/miniforge/base/envs/dnabert2/lib/python3.9/site-packages/transformers/utils/generic.py:309: FutureWarning: `torch.utils._pytree._register_pytree_node` is deprecated. Please use `torch.utils._pytree.register_pytree_node` instead.
  _torch_pytree._register_pytree_node(
/Users/maxwellkim/.cache/huggingface/modules/transformers_modules/zhihan1996/DNABERT-2-117M/7bce263b15377fc15361f52cfab88f8b586abda0/bert_layers.py:126: UserWarning: Unable to import Triton; defaulting MosaicBERT attention implementation to pytorch (this will reduce throughput when using this model).
  warnings.warn(
Some weights of BertForSequenceClassification were not initialized from the model checkpoint at zhihan1996/DNABERT-2-117M and are newly initialized: ['classifier.weight', 'classifier.bias', 'bert.pooler.dense.bias', 'bert.pooler.dense.weight']
You should probably TRAIN this model on a down-stream task to be able to use it for predictions and inference.
Loading sequences...
Immune: 138, GPCR: 138, Transmembrane: 138
Train: 331, Test: 83
Loading tokenizer...
Loading model...
Using device: mps

Fine-tuning...
Epoch 1, batch 10/42, loss: 1.1445
Epoch 1, batch 20/42, loss: 1.0852
Epoch 1, batch 30/42, loss: 1.1103
Epoch 1, batch 40/42, loss: 1.1086
Epoch 1 complete. Avg loss: 1.1024
Epoch 2, batch 10/42, loss: 1.0322
Epoch 2, batch 20/42, loss: 1.0055
Epoch 2, batch 30/42, loss: 0.9886
Epoch 2, batch 40/42, loss: 1.0044
Epoch 2 complete. Avg loss: 1.0419
Epoch 3, batch 10/42, loss: 0.9888
Epoch 3, batch 20/42, loss: 0.9103
Epoch 3, batch 30/42, loss: 0.9360
Epoch 3, batch 40/42, loss: 1.0712
Epoch 3 complete. Avg loss: 0.9497

Evaluating...

=== RESULTS seed=7 (GO 3-way) ===
Overall accuracy: 0.4699
AUC immune vs rest: 0.7247
AUC gpcr vs rest: 0.6903
AUC transmembrane vs rest: 0.5503

Confusion matrix (rows=true, cols=pred):
           immune    gpcr  transm
      immune     15       1      12
        gpcr      6       9      13
transmembran      7       5      15

FINAL_RESULT seed=7 acc=0.4699
/opt/homebrew/Caskroom/miniforge/base/envs/dnabert2/lib/python3.9/site-packages/transformers/utils/generic.py:441: FutureWarning: `torch.utils._pytree._register_pytree_node` is deprecated. Please use `torch.utils._pytree.register_pytree_node` instead.
  _torch_pytree._register_pytree_node(
/opt/homebrew/Caskroom/miniforge/base/envs/dnabert2/lib/python3.9/site-packages/huggingface_hub/file_download.py:949: FutureWarning: `resume_download` is deprecated and will be removed in version 1.0.0. Downloads always resume when possible. If you want to force a new download, use `force_download=True`.
  warnings.warn(
/opt/homebrew/Caskroom/miniforge/base/envs/dnabert2/lib/python3.9/site-packages/transformers/utils/generic.py:309: FutureWarning: `torch.utils._pytree._register_pytree_node` is deprecated. Please use `torch.utils._pytree.register_pytree_node` instead.
  _torch_pytree._register_pytree_node(
/Users/maxwellkim/.cache/huggingface/modules/transformers_modules/zhihan1996/DNABERT-2-117M/7bce263b15377fc15361f52cfab88f8b586abda0/bert_layers.py:126: UserWarning: Unable to import Triton; defaulting MosaicBERT attention implementation to pytorch (this will reduce throughput when using this model).
  warnings.warn(
Some weights of BertForSequenceClassification were not initialized from the model checkpoint at zhihan1996/DNABERT-2-117M and are newly initialized: ['bert.pooler.dense.weight', 'classifier.weight', 'bert.pooler.dense.bias', 'classifier.bias']
You should probably TRAIN this model on a down-stream task to be able to use it for predictions and inference.
Loading sequences...
Immune: 138, GPCR: 138, Transmembrane: 138
Train: 331, Test: 83
Loading tokenizer...
Loading model...
Using device: mps

Fine-tuning...
Epoch 1, batch 10/42, loss: 1.0882
Epoch 1, batch 20/42, loss: 1.1052
Epoch 1, batch 30/42, loss: 1.0966
Epoch 1, batch 40/42, loss: 1.1478
Epoch 1 complete. Avg loss: 1.1020
Epoch 2, batch 10/42, loss: 1.0797
Epoch 2, batch 20/42, loss: 1.0626
Epoch 2, batch 30/42, loss: 1.1185
Epoch 2, batch 40/42, loss: 1.0502
Epoch 2 complete. Avg loss: 1.0655
Epoch 3, batch 10/42, loss: 1.1411
Epoch 3, batch 20/42, loss: 1.0576
Epoch 3, batch 30/42, loss: 0.9807
Epoch 3, batch 40/42, loss: 0.8841
Epoch 3 complete. Avg loss: 1.0238

Evaluating...

=== RESULTS seed=999 (GO 3-way) ===
Overall accuracy: 0.4337
AUC immune vs rest: 0.6468
AUC gpcr vs rest: 0.4821
AUC transmembrane vs rest: 0.5786

Confusion matrix (rows=true, cols=pred):
           immune    gpcr  transm
      immune     13       8       7
        gpcr      7      10      10
transmembran      8       7      13

FINAL_RESULT seed=999 acc=0.4337
/opt/homebrew/Caskroom/miniforge/base/envs/dnabert2/lib/python3.9/site-packages/transformers/utils/generic.py:441: FutureWarning: `torch.utils._pytree._register_pytree_node` is deprecated. Please use `torch.utils._pytree.register_pytree_node` instead.
  _torch_pytree._register_pytree_node(
/opt/homebrew/Caskroom/miniforge/base/envs/dnabert2/lib/python3.9/site-packages/huggingface_hub/file_download.py:949: FutureWarning: `resume_download` is deprecated and will be removed in version 1.0.0. Downloads always resume when possible. If you want to force a new download, use `force_download=True`.
  warnings.warn(
/opt/homebrew/Caskroom/miniforge/base/envs/dnabert2/lib/python3.9/site-packages/transformers/utils/generic.py:309: FutureWarning: `torch.utils._pytree._register_pytree_node` is deprecated. Please use `torch.utils._pytree.register_pytree_node` instead.
  _torch_pytree._register_pytree_node(
/Users/maxwellkim/.cache/huggingface/modules/transformers_modules/zhihan1996/DNABERT-2-117M/7bce263b15377fc15361f52cfab88f8b586abda0/bert_layers.py:126: UserWarning: Unable to import Triton; defaulting MosaicBERT attention implementation to pytorch (this will reduce throughput when using this model).
  warnings.warn(
Some weights of BertForSequenceClassification were not initialized from the model checkpoint at zhihan1996/DNABERT-2-117M and are newly initialized: ['classifier.weight', 'bert.pooler.dense.weight', 'bert.pooler.dense.bias', 'classifier.bias']
You should probably TRAIN this model on a down-stream task to be able to use it for predictions and inference.
Loading sequences...
Immune: 138, GPCR: 138, Transmembrane: 138
Train: 331, Test: 83
Loading tokenizer...
Loading model...
Using device: mps

Fine-tuning...
Epoch 1, batch 10/42, loss: 1.0860
Epoch 1, batch 20/42, loss: 1.1166
Epoch 1, batch 30/42, loss: 1.1276
Epoch 1, batch 40/42, loss: 1.0966
Epoch 1 complete. Avg loss: 1.0996
Epoch 2, batch 10/42, loss: 1.0686
Epoch 2, batch 20/42, loss: 1.1201
Epoch 2, batch 30/42, loss: 1.0119
Epoch 2, batch 40/42, loss: 1.0344
Epoch 2 complete. Avg loss: 1.0474
Epoch 3, batch 10/42, loss: 1.0994
Epoch 3, batch 20/42, loss: 1.0782
Epoch 3, batch 30/42, loss: 0.7749
Epoch 3, batch 40/42, loss: 0.9475
Epoch 3 complete. Avg loss: 0.9663

Evaluating...

=== RESULTS seed=2024 (GO 3-way) ===
Overall accuracy: 0.3735
AUC immune vs rest: 0.6961
AUC gpcr vs rest: 0.4835
AUC transmembrane vs rest: 0.5435

Confusion matrix (rows=true, cols=pred):
           immune    gpcr  transm
      immune      7       9      12
        gpcr      0       6      21
transmembran      3       7      18

FINAL_RESULT seed=2024 acc=0.3735
/opt/homebrew/Caskroom/miniforge/base/envs/dnabert2/lib/python3.9/site-packages/transformers/utils/generic.py:441: FutureWarning: `torch.utils._pytree._register_pytree_node` is deprecated. Please use `torch.utils._pytree.register_pytree_node` instead.
  _torch_pytree._register_pytree_node(
/opt/homebrew/Caskroom/miniforge/base/envs/dnabert2/lib/python3.9/site-packages/huggingface_hub/file_download.py:949: FutureWarning: `resume_download` is deprecated and will be removed in version 1.0.0. Downloads always resume when possible. If you want to force a new download, use `force_download=True`.
  warnings.warn(
/opt/homebrew/Caskroom/miniforge/base/envs/dnabert2/lib/python3.9/site-packages/transformers/utils/generic.py:309: FutureWarning: `torch.utils._pytree._register_pytree_node` is deprecated. Please use `torch.utils._pytree.register_pytree_node` instead.
  _torch_pytree._register_pytree_node(
/Users/maxwellkim/.cache/huggingface/modules/transformers_modules/zhihan1996/DNABERT-2-117M/7bce263b15377fc15361f52cfab88f8b586abda0/bert_layers.py:126: UserWarning: Unable to import Triton; defaulting MosaicBERT attention implementation to pytorch (this will reduce throughput when using this model).
  warnings.warn(
Some weights of BertForSequenceClassification were not initialized from the model checkpoint at zhihan1996/DNABERT-2-117M and are newly initialized: ['classifier.bias', 'bert.pooler.dense.bias', 'bert.pooler.dense.weight', 'classifier.weight']
You should probably TRAIN this model on a down-stream task to be able to use it for predictions and inference.
Loading sequences...
Immune: 138, GPCR: 138, Transmembrane: 138
Train: 331, Test: 83
Loading tokenizer...
Loading model...
Using device: mps

Fine-tuning...
Epoch 1, batch 10/42, loss: 1.1054
Epoch 1, batch 20/42, loss: 1.0722
Epoch 1, batch 30/42, loss: 1.0637
Epoch 1, batch 40/42, loss: 1.0771
Epoch 1 complete. Avg loss: 1.0988
Epoch 2, batch 10/42, loss: 1.0681
Epoch 2, batch 20/42, loss: 1.0578
Epoch 2, batch 30/42, loss: 1.0924
Epoch 2, batch 40/42, loss: 1.0391
Epoch 2 complete. Avg loss: 1.0347
Epoch 3, batch 10/42, loss: 0.9937
Epoch 3, batch 20/42, loss: 0.8550
Epoch 3, batch 30/42, loss: 0.9876
Epoch 3, batch 40/42, loss: 0.8811
Epoch 3 complete. Avg loss: 0.9230

Evaluating...

=== RESULTS seed=55 (GO 3-way) ===
Overall accuracy: 0.4699
AUC immune vs rest: 0.6006
AUC gpcr vs rest: 0.6539
AUC transmembrane vs rest: 0.6276

Confusion matrix (rows=true, cols=pred):
           immune    gpcr  transm
      immune      7       9      12
        gpcr      4      16       8
transmembran      1      10      16

FINAL_RESULT seed=55 acc=0.4699
